<?xml version="1.0" encoding="UTF-8"?>
<!-- Generated by org.testng.reporters.JUnitReportReporter -->
<testsuite hostname="PRASHANT" failures="0" tests="1" name="RailwayProject.Case_1" time="14.342" errors="0" timestamp="2023-10-06T01:31:32 IST" skipped="0">
  <testcase classname="RailwayProject.Case_1" name="CreateTheReport" time="14.342"/>
  <system-out/>
</testsuite> <!-- RailwayProject.Case_1 -->
